<?xml version="1.0" encoding="UTF-8"?>
<!-- Generated by org.testng.reporters.JUnitXMLReporter -->
<testsuite ignored="0" hostname="DESKTOP-MT829Q7" failures="0" tests="12" name="Test Maven Testing" time="0.088" errors="0" timestamp="2023-02-14T14:36:41 IST">
  <testcase classname="dtctest.DemoTest" name="div" time="0.017"/>
  <testcase classname="dtctest.DemoTest" name="multi" time="0.0"/>
  <testcase classname="dtctest.DemoTest" name="sub" time="0.001"/>
  <testcase classname="dtctest.DemoTest" name="sum" time="0.001"/>
  <testcase classname="dtctest.DemoTest1" name="div" time="0.001"/>
  <testcase classname="dtctest.DemoTest1" name="multi" time="0.0"/>
  <testcase classname="dtctest.DemoTest1" name="sub" time="0.0"/>
  <testcase classname="dtctest.DemoTest1" name="sum" time="0.0"/>
  <testcase classname="dtctest.DemoTest2" name="div" time="0.001"/>
  <testcase classname="dtctest.DemoTest2" name="multi" time="0.0"/>
  <testcase classname="dtctest.DemoTest2" name="sub" time="0.0"/>
  <testcase classname="dtctest.DemoTest2" name="sum" time="0.0"/>
</testsuite> <!-- Test Maven Testing -->
