<?xml version="1.0" encoding="UTF-8"?>
<testng-results ignored="0" total="12" passed="12" failed="0" skipped="0">
  <reporter-output>
  </reporter-output>
  <suite started-at="2023-02-14T14:36:41 IST" name="Test Maven Suite" finished-at="2023-02-14T14:36:41 IST" duration-ms="88">
    <groups>
    </groups>
    <test started-at="2023-02-14T14:36:41 IST" name="Test Maven Testing" finished-at="2023-02-14T14:36:41 IST" duration-ms="88">
      <class name="dtctest.DemoTest1">
        <test-method signature="div()[pri:0, instance:dtctest.DemoTest1@4c9f8c13]" started-at="2023-02-14T14:36:41 IST" name="div" finished-at="2023-02-14T14:36:41 IST" duration-ms="1" status="PASS">
          <reporter-output>
          </reporter-output>
        </test-method> <!-- div -->
        <test-method signature="multi()[pri:0, instance:dtctest.DemoTest1@4c9f8c13]" started-at="2023-02-14T14:36:41 IST" name="multi" finished-at="2023-02-14T14:36:41 IST" duration-ms="0" status="PASS">
          <reporter-output>
          </reporter-output>
        </test-method> <!-- multi -->
        <test-method signature="sub()[pri:0, instance:dtctest.DemoTest1@4c9f8c13]" started-at="2023-02-14T14:36:41 IST" name="sub" finished-at="2023-02-14T14:36:41 IST" duration-ms="0" status="PASS">
          <reporter-output>
          </reporter-output>
        </test-method> <!-- sub -->
        <test-method signature="sum()[pri:0, instance:dtctest.DemoTest1@4c9f8c13]" started-at="2023-02-14T14:36:41 IST" name="sum" finished-at="2023-02-14T14:36:41 IST" duration-ms="0" status="PASS">
          <reporter-output>
          </reporter-output>
        </test-method> <!-- sum -->
      </class> <!-- dtctest.DemoTest1 -->
      <class name="dtctest.DemoTest2">
        <test-method signature="div()[pri:0, instance:dtctest.DemoTest2@5ae50ce6]" started-at="2023-02-14T14:36:41 IST" name="div" finished-at="2023-02-14T14:36:41 IST" duration-ms="1" status="PASS">
          <reporter-output>
          </reporter-output>
        </test-method> <!-- div -->
        <test-method signature="multi()[pri:0, instance:dtctest.DemoTest2@5ae50ce6]" started-at="2023-02-14T14:36:41 IST" name="multi" finished-at="2023-02-14T14:36:41 IST" duration-ms="0" status="PASS">
          <reporter-output>
          </reporter-output>
        </test-method> <!-- multi -->
        <test-method signature="sub()[pri:0, instance:dtctest.DemoTest2@5ae50ce6]" started-at="2023-02-14T14:36:41 IST" name="sub" finished-at="2023-02-14T14:36:41 IST" duration-ms="0" status="PASS">
          <reporter-output>
          </reporter-output>
        </test-method> <!-- sub -->
        <test-method signature="sum()[pri:0, instance:dtctest.DemoTest2@5ae50ce6]" started-at="2023-02-14T14:36:41 IST" name="sum" finished-at="2023-02-14T14:36:41 IST" duration-ms="0" status="PASS">
          <reporter-output>
          </reporter-output>
        </test-method> <!-- sum -->
      </class> <!-- dtctest.DemoTest2 -->
      <class name="dtctest.DemoTest">
        <test-method signature="div()[pri:0, instance:dtctest.DemoTest@bef2d72]" started-at="2023-02-14T14:36:41 IST" name="div" finished-at="2023-02-14T14:36:41 IST" duration-ms="17" status="PASS">
          <reporter-output>
          </reporter-output>
        </test-method> <!-- div -->
        <test-method signature="sub()[pri:0, instance:dtctest.DemoTest@bef2d72]" started-at="2023-02-14T14:36:41 IST" name="sub" finished-at="2023-02-14T14:36:41 IST" duration-ms="1" status="PASS">
          <reporter-output>
          </reporter-output>
        </test-method> <!-- sub -->
        <test-method signature="multi()[pri:0, instance:dtctest.DemoTest@bef2d72]" started-at="2023-02-14T14:36:41 IST" name="multi" finished-at="2023-02-14T14:36:41 IST" duration-ms="0" status="PASS">
          <reporter-output>
          </reporter-output>
        </test-method> <!-- multi -->
        <test-method signature="sum()[pri:0, instance:dtctest.DemoTest@bef2d72]" started-at="2023-02-14T14:36:41 IST" name="sum" finished-at="2023-02-14T14:36:41 IST" duration-ms="1" status="PASS">
          <reporter-output>
          </reporter-output>
        </test-method> <!-- sum -->
      </class> <!-- dtctest.DemoTest -->
    </test> <!-- Test Maven Testing -->
  </suite> <!-- Test Maven Suite -->
</testng-results>
